<?xml version="1.0" encoding="UTF-8"?>
<!-- Generated by org.testng.reporters.JUnitXMLReporter -->
<testsuite ignored="0" hostname="DESKTOP-ASV0EV8" failures="0" tests="2" name="TestRunner_Firefox" time="49.113" errors="0" timestamp="2021-09-15T13:03:31 IST">
  <testcase classname="com.crm.SeleniumProject_Maven.Script.TC_01_CreateOrganizationTest" name="CreateOrgInd" time="0.003"/>
  <testcase classname="com.crm.SeleniumProject_Maven.Script.TC_01_CreateOrganizationTest" name="CreateOrganization" time="15.436"/>
</testsuite> <!-- TestRunner_Firefox -->
