<?xml version="1.0" encoding="UTF-8"?>
<!-- Generated by org.testng.reporters.JUnitXMLReporter -->
<testsuite ignored="0" hostname="DESKTOP-ASV0EV8" failures="4" tests="20" name="Test" time="244.943" errors="0" timestamp="2021-09-17T12:13:36 IST">
  <testcase classname="com.crm.SeleniumProject_Maven.Script.CreateOrganizationWithMultipleData" name="createOrganizationWithMultipleData" time="7.415">
    <skipped/>
  </testcase> <!-- createOrganizationWithMultipleData -->
  <testcase classname="com.crm.SeleniumProject_Maven.Script.CreateOrganizationWithMultipleData" name="createOrganizationWithMultipleData" time="6.9">
    <skipped/>
  </testcase> <!-- createOrganizationWithMultipleData -->
  <testcase classname="com.crm.SeleniumProject_Maven.Script.CreateOrganizationWithMultipleData" name="createOrganizationWithMultipleData" time="7.121">
    <skipped/>
  </testcase> <!-- createOrganizationWithMultipleData -->
  <testcase classname="com.crm.SeleniumProject_Maven.Script.CreateOrganizationWithMultipleData" name="createOrganizationWithMultipleData" time="7.019">
    <skipped/>
  </testcase> <!-- createOrganizationWithMultipleData -->
  <testcase classname="com.crm.SeleniumProject_Maven.Script.CreateOrganizationWithMultipleData" name="createOrganizationWithMultipleData" time="7.031">
    <failure type="java.lang.AssertionError" message="expected [true] but found [false]">
      <![CDATA[java.lang.AssertionError: expected [true] but found [false]
at com.crm.SeleniumProject_Maven.Script.CreateOrganizationWithMultipleData.createOrganizationWithMultipleData(CreateOrganizationWithMultipleData.java:37)
at java.base/java.util.ArrayList.forEach(ArrayList.java:1511)
... Removed 33 stack frames]]>
    </failure>
  </testcase> <!-- createOrganizationWithMultipleData -->
  <testcase classname="com.crm.SeleniumProject_Maven.Script.CreateOrganizationWithMultipleData" name="createOrganizationWithMultipleData" time="6.972">
    <skipped/>
  </testcase> <!-- createOrganizationWithMultipleData -->
  <testcase classname="com.crm.SeleniumProject_Maven.Script.CreateOrganizationWithMultipleData" name="createOrganizationWithMultipleData" time="7.32">
    <skipped/>
  </testcase> <!-- createOrganizationWithMultipleData -->
  <testcase classname="com.crm.SeleniumProject_Maven.Script.CreateOrganizationWithMultipleData" name="createOrganizationWithMultipleData" time="7.471">
    <skipped/>
  </testcase> <!-- createOrganizationWithMultipleData -->
  <testcase classname="com.crm.SeleniumProject_Maven.Script.CreateOrganizationWithMultipleData" name="createOrganizationWithMultipleData" time="7.253">
    <skipped/>
  </testcase> <!-- createOrganizationWithMultipleData -->
  <testcase classname="com.crm.SeleniumProject_Maven.Script.CreateOrganizationWithMultipleData" name="createOrganizationWithMultipleData" time="7.191">
    <failure type="java.lang.AssertionError" message="expected [true] but found [false]">
      <![CDATA[java.lang.AssertionError: expected [true] but found [false]
at com.crm.SeleniumProject_Maven.Script.CreateOrganizationWithMultipleData.createOrganizationWithMultipleData(CreateOrganizationWithMultipleData.java:37)
at java.base/java.util.ArrayList.forEach(ArrayList.java:1511)
... Removed 33 stack frames]]>
    </failure>
  </testcase> <!-- createOrganizationWithMultipleData -->
  <testcase classname="com.crm.SeleniumProject_Maven.Script.CreateOrganizationWithMultipleData" name="createOrganizationWithMultipleData" time="7.269">
    <skipped/>
  </testcase> <!-- createOrganizationWithMultipleData -->
  <testcase classname="com.crm.SeleniumProject_Maven.Script.CreateOrganizationWithMultipleData" name="createOrganizationWithMultipleData" time="7.443">
    <skipped/>
  </testcase> <!-- createOrganizationWithMultipleData -->
  <testcase classname="com.crm.SeleniumProject_Maven.Script.CreateOrganizationWithMultipleData" name="createOrganizationWithMultipleData" time="7.483">
    <skipped/>
  </testcase> <!-- createOrganizationWithMultipleData -->
  <testcase classname="com.crm.SeleniumProject_Maven.Script.CreateOrganizationWithMultipleData" name="createOrganizationWithMultipleData" time="7.528">
    <skipped/>
  </testcase> <!-- createOrganizationWithMultipleData -->
  <testcase classname="com.crm.SeleniumProject_Maven.Script.CreateOrganizationWithMultipleData" name="createOrganizationWithMultipleData" time="7.461">
    <failure type="java.lang.AssertionError" message="expected [true] but found [false]">
      <![CDATA[java.lang.AssertionError: expected [true] but found [false]
at com.crm.SeleniumProject_Maven.Script.CreateOrganizationWithMultipleData.createOrganizationWithMultipleData(CreateOrganizationWithMultipleData.java:37)
at java.base/java.util.ArrayList.forEach(ArrayList.java:1511)
... Removed 33 stack frames]]>
    </failure>
  </testcase> <!-- createOrganizationWithMultipleData -->
  <testcase classname="com.crm.SeleniumProject_Maven.Script.CreateOrganizationWithMultipleData" name="createOrganizationWithMultipleData" time="8.639">
    <skipped/>
  </testcase> <!-- createOrganizationWithMultipleData -->
  <testcase classname="com.crm.SeleniumProject_Maven.Script.CreateOrganizationWithMultipleData" name="createOrganizationWithMultipleData" time="7.395">
    <skipped/>
  </testcase> <!-- createOrganizationWithMultipleData -->
  <testcase classname="com.crm.SeleniumProject_Maven.Script.CreateOrganizationWithMultipleData" name="createOrganizationWithMultipleData" time="7.447">
    <skipped/>
  </testcase> <!-- createOrganizationWithMultipleData -->
  <testcase classname="com.crm.SeleniumProject_Maven.Script.CreateOrganizationWithMultipleData" name="createOrganizationWithMultipleData" time="8.21">
    <skipped/>
  </testcase> <!-- createOrganizationWithMultipleData -->
  <testcase classname="com.crm.SeleniumProject_Maven.Script.CreateOrganizationWithMultipleData" name="createOrganizationWithMultipleData" time="7.626">
    <failure type="java.lang.AssertionError" message="expected [true] but found [false]">
      <![CDATA[java.lang.AssertionError: expected [true] but found [false]
at com.crm.SeleniumProject_Maven.Script.CreateOrganizationWithMultipleData.createOrganizationWithMultipleData(CreateOrganizationWithMultipleData.java:37)
at java.base/java.util.ArrayList.forEach(ArrayList.java:1511)
... Removed 32 stack frames]]>
    </failure>
  </testcase> <!-- createOrganizationWithMultipleData -->
</testsuite> <!-- Test -->
