<?xml version="1.0" encoding="UTF-8"?>
<testng-results ignored="0" total="1" passed="1" failed="0" skipped="0">
  <reporter-output>
  </reporter-output>
  <suite started-at="2021-09-19T08:59:29 IST" name="Default suite" finished-at="2021-09-19T08:59:47 IST" duration-ms="17764">
    <groups>
    </groups>
    <test started-at="2021-09-19T08:59:29 IST" name="Default test" finished-at="2021-09-19T08:59:47 IST" duration-ms="17764">
      <class name="com.crm.practice.DynamicWeb_Table">
        <test-method signature="Vtiger()[pri:0, instance:com.crm.practice.DynamicWeb_Table@4c1909a3]" started-at="2021-09-19T08:59:29 IST" name="Vtiger" finished-at="2021-09-19T08:59:47 IST" duration-ms="17703" status="PASS">
          <reporter-output>
          </reporter-output>
        </test-method> <!-- Vtiger -->
      </class> <!-- com.crm.practice.DynamicWeb_Table -->
    </test> <!-- Default test -->
  </suite> <!-- Default suite -->
</testng-results>
